#
# A fatal error has been detected by the Java Runtime Environment:
#
#  EXCEPTION_ACCESS_VIOLATION (0xc0000005) at pc=0x0000000057b6b751, pid=19872, tid=0x00000000000066b4
#
# JRE version: Java(TM) SE Runtime Environment (8.0_351-b10) (build 1.8.0_351-b10)
# Java VM: Java HotSpot(TM) 64-Bit Server VM (25.351-b10 mixed mode windows-amd64 compressed oops)
# Problematic frame:
# V  [jvm.dll+0x14b751]
#
# Failed to write core dump. Minidumps are not enabled by default on client versions of Windows
#
# If you would like to submit a bug report, please visit:
#   http://bugreport.java.com/bugreport/crash.jsp
#

---------------  T H R E A D  ---------------

Current thread (0x0000022e4310a000):  JavaThread "JDWP Event Helper Thread" daemon [_thread_in_vm, id=26292, stack(0x00000093b6e00000,0x00000093b6f00000)]

siginfo: ExceptionCode=0xc0000005, reading address 0x00000006032c5a70

Registers:
RAX=0x0000000000000030, RBX=0x0000022e4310a000, RCX=0x0000000000000030, RDX=0x0000022e430e71b0
RSP=0x00000093b6effa40, RBP=0x0000022e4310a000, RSI=0x00000007c00016d0, RDI=0x0000022e430e7100
R8 =0x00000006032c5a40, R9 =0x0000022e430e71b0, R10=0x0000000000000000, R11=0x80000000000000ce
R12=0x00007ff96ab7b3b0, R13=0x00007ff96ab7bd00, R14=0x0000022e430e71b0, R15=0x00007ff96ab78300
RIP=0x0000000057b6b751, EFLAGS=0x0000000000010202

Top of Stack: (sp=0x00000093b6effa40)
0x00000093b6effa40:   0000000000000032 0000022e28882420
0x00000093b6effa50:   0000022e4310a000 0000000057bdbacb
0x00000093b6effa60:   00007ff96ab782e8 00007ff96ab75096
0x00000093b6effa70:   0000022e4310a200 00007ff96ab7d404
0x00000093b6effa80:   0000022e4310a24c 0000022e430e71b0
0x00000093b6effa90:   00007ff96ab7bc01 0000022e4310a200
0x00000093b6effaa0:   0000000000000000 00007ff96ab69c66
0x00000093b6effab0:   0000022e430e71b0 00000093b6effc20
0x00000093b6effac0:   00000093b6effb90 0000022e4310a200
0x00000093b6effad0:   0000022e43109c90 0000022e430e71a8
0x00000093b6effae0:   000000000000127c 00007ff96ab69630
0x00000093b6effaf0:   0000000000000000 0000022e430e71a8
0x00000093b6effb00:   00007ff96ab7bc01 0000022e430e7129
0x00000093b6effb10:   0000022e43109d08 00007ff96ab686cf
0x00000093b6effb20:   0000000000000000 0000022e4310a200
0x00000093b6effb30:   0000022e4310a200 0000022e430e71b0 

Instructions: (pc=0x0000000057b6b751)
0x0000000057b6b731:   16 44 8b 40 08 8b 0d ac c5 61 00 49 d3 e0 4c 03
0x0000000057b6b741:   05 9a c5 61 00 eb 04 4c 8b 40 08 8b 4e 0c 8b c1
0x0000000057b6b751:   4a 39 34 01 75 05 40 b7 01 eb 18 83 f9 18 74 05
0x0000000057b6b761:   40 32 ff eb 0e 48 8b d6 49 8b c8 e8 1f 35 fe ff 


Register to memory mapping:

RAX=0x0000000000000030 is an unknown value
RBX=0x0000022e4310a000 is a thread
RCX=0x0000000000000030 is an unknown value
RDX=0x0000022e430e71b0 is a global jni handle
RSP=0x00000093b6effa40 is pointing into the stack for thread: 0x0000022e4310a000
RBP=0x0000022e4310a000 is a thread
RSI=0x00000007c00016d0 is pointing into metadata
RDI=0x0000022e430e7100 is a global jni handle
R8 =0x00000006032c5a40 is an unknown value
R9 =0x0000022e430e71b0 is a global jni handle
R10=0x0000000000000000 is an unknown value
R11=0x80000000000000ce is an unknown value
R12=0x00007ff96ab7b3b0 is an unknown value
R13=0x00007ff96ab7bd00 is an unknown value
R14=0x0000022e430e71b0 is a global jni handle
R15=0x00007ff96ab78300 is an unknown value


Stack: [0x00000093b6e00000,0x00000093b6f00000],  sp=0x00000093b6effa40,  free space=1022k
Native frames: (J=compiled Java code, j=interpreted, Vv=VM code, C=native code)
V  [jvm.dll+0x14b751]
C  [jdwp.dll+0x25096]
C  [jdwp.dll+0x19c66]
C  [jdwp.dll+0x186cf]
C  [jdwp.dll+0x15492]
V  [jvm.dll+0x1ba56a]
V  [jvm.dll+0x23ec62]
V  [jvm.dll+0x29330c]
C  [ucrtbase.dll+0x29363]
C  [KERNEL32.DLL+0x1244d]
C  [ntdll.dll+0x5dfb8]


---------------  P R O C E S S  ---------------

Java Threads: ( => current thread )
  0x0000022e45649800 JavaThread "Service Thread" daemon [_thread_blocked, id=12872, stack(0x00000093b7400000,0x00000093b7500000)]
  0x0000022e455b6800 JavaThread "C1 CompilerThread3" daemon [_thread_blocked, id=16784, stack(0x00000093b7300000,0x00000093b7400000)]
  0x0000022e455b2800 JavaThread "C2 CompilerThread2" daemon [_thread_blocked, id=13184, stack(0x00000093b7200000,0x00000093b7300000)]
  0x0000022e455b2000 JavaThread "C2 CompilerThread1" daemon [_thread_blocked, id=17568, stack(0x00000093b7100000,0x00000093b7200000)]
  0x0000022e455ae800 JavaThread "C2 CompilerThread0" daemon [_thread_blocked, id=2640, stack(0x00000093b7000000,0x00000093b7100000)]
  0x0000022e43111000 JavaThread "JDWP Command Reader" daemon [_thread_in_native, id=24912, stack(0x00000093b6f00000,0x00000093b7000000)]
=>0x0000022e4310a000 JavaThread "JDWP Event Helper Thread" daemon [_thread_in_vm, id=26292, stack(0x00000093b6e00000,0x00000093b6f00000)]
  0x0000022e430fd000 JavaThread "JDWP Transport Listener: dt_socket" daemon [_thread_blocked, id=24988, stack(0x00000093b6d00000,0x00000093b6e00000)]
  0x0000022e430fa000 JavaThread "Attach Listener" daemon [_thread_blocked, id=15116, stack(0x00000093b6c00000,0x00000093b6d00000)]
  0x0000022e430f9000 JavaThread "Signal Dispatcher" daemon [_thread_blocked, id=13436, stack(0x00000093b6b00000,0x00000093b6c00000)]
  0x0000022e430c6800 JavaThread "Finalizer" daemon [_thread_blocked, id=23832, stack(0x00000093b6a00000,0x00000093b6b00000)]
  0x0000022e430bf800 JavaThread "Reference Handler" daemon [_thread_blocked, id=9680, stack(0x00000093b6900000,0x00000093b6a00000)]
  0x0000022e2888e800 JavaThread "main" [_thread_blocked, id=5000, stack(0x00000093b5d00000,0x00000093b5e00000)]

Other Threads:
  0x0000022e43096800 VMThread [stack: 0x00000093b6800000,0x00000093b6900000] [id=6944]
  0x0000022e45677800 WatcherThread [stack: 0x00000093b7500000,0x00000093b7600000] [id=10748]

VM state:not at safepoint (normal execution)

VM Mutex/Monitor currently owned by a thread: None

heap address: 0x00000006ca000000, size: 3936 MB, Compressed Oops mode: Zero based, Oop shift amount: 3
Narrow klass base: 0x0000000000000000, Narrow klass shift: 3
Compressed class space size: 1073741824 Address: 0x00000007c0000000

Heap:
 PSYoungGen      total 73728K, used 5087K [0x000000076e000000, 0x0000000773200000, 0x00000007c0000000)
  eden space 63488K, 8% used [0x000000076e000000,0x000000076e4f7f80,0x0000000771e00000)
  from space 10240K, 0% used [0x0000000772800000,0x0000000772800000,0x0000000773200000)
  to   space 10240K, 0% used [0x0000000771e00000,0x0000000771e00000,0x0000000772800000)
 ParOldGen       total 167936K, used 0K [0x00000006ca000000, 0x00000006d4400000, 0x000000076e000000)
  object space 167936K, 0% used [0x00000006ca000000,0x00000006ca000000,0x00000006d4400000)
 Metaspace       used 2956K, capacity 4486K, committed 4864K, reserved 1056768K
  class space    used 316K, capacity 386K, committed 512K, reserved 1048576K

Card table byte_map: [0x0000022e39640000,0x0000022e39e00000] byte_map_base: 0x0000022e35ff0000

Marking Bits: (ParMarkBitMap*) 0x0000000058208fd0
 Begin Bits: [0x0000022e3a320000, 0x0000022e3e0a0000)
 End Bits:   [0x0000022e3e0a0000, 0x0000022e41e20000)

Polling page: 0x0000022e2a250000

CodeCache: size=245760Kb used=1167Kb max_used=1167Kb free=244592Kb
 bounds [0x0000022e2a280000, 0x0000022e2a4f0000, 0x0000022e39280000]
 total_blobs=284 nmethods=53 adapters=153
 compilation: enabled

Compilation events (10 events):
Event: 0.191 Thread 0x0000022e455b6800   50   !   3       sun.instrument.TransformerManager::transform (98 bytes)
Event: 0.191 Thread 0x0000022e455b6800 nmethod 50 0x0000022e2a3a1e50 code [0x0000022e2a3a1fe0, 0x0000022e2a3a24d0]
Event: 0.191 Thread 0x0000022e455b6800   51       3       java.lang.String::hashCode (55 bytes)
Event: 0.191 Thread 0x0000022e455b6800 nmethod 51 0x0000022e2a3a2750 code [0x0000022e2a3a28c0, 0x0000022e2a3a2b58]
Event: 0.191 Thread 0x0000022e455b6800   49       3       sun.instrument.InstrumentationImpl::transform (38 bytes)
Event: 0.191 Thread 0x0000022e455b6800 nmethod 49 0x0000022e2a3a2c50 code [0x0000022e2a3a2dc0, 0x0000022e2a3a3070]
Event: 0.194 Thread 0x0000022e455b6800   52       3       java.nio.Buffer::position (38 bytes)
Event: 0.195 Thread 0x0000022e455b6800 nmethod 52 0x0000022e2a3a3190 code [0x0000022e2a3a3300, 0x0000022e2a3a3570]
Event: 0.195 Thread 0x0000022e455b6800   53       3       java.nio.ByteBuffer::arrayOffset (35 bytes)
Event: 0.195 Thread 0x0000022e455b6800 nmethod 53 0x0000022e2a3a3650 code [0x0000022e2a3a37e0, 0x0000022e2a3a3ae0]

GC Heap History (0 events):
No events

Deoptimization events (1 events):
Event: 0.188 Thread 0x0000022e2888e800 Uncommon trap: reason=unstable_if action=reinterpret pc=0x0000022e2a391e04 method=java.lang.String.hashCode()I @ 14

Classes redefined (0 events):
No events

Internal exceptions (3 events):
Event: 0.032 Thread 0x0000022e2888e800 Exception <a 'java/lang/NoSuchMethodError': Method sun.misc.Unsafe.defineClass(Ljava/lang/String;[BII)Ljava/lang/Class; name or signature does not match> (0x000000076e007ce0) thrown at [C:\jenkins\workspace\8-2-build-windows-x64-cygwin\jdk8u351\2908\hotsp
Event: 0.032 Thread 0x0000022e2888e800 Exception <a 'java/lang/NoSuchMethodError': Method sun.misc.Unsafe.prefetchRead(Ljava/lang/Object;J)V name or signature does not match> (0x000000076e007fc8) thrown at [C:\jenkins\workspace\8-2-build-windows-x64-cygwin\jdk8u351\2908\hotspot\src\share\vm\pr
Event: 199.598 Thread 0x0000022e2888e800 Exception <a 'java/lang/ClassNotFoundException': com/intellij/rt/debugger/BatchEvaluatorServer> (0x000000076e4206a8) thrown at [C:\jenkins\workspace\8-2-build-windows-x64-cygwin\jdk8u351\2908\hotspot\src\share\vm\classfile\systemDictionary.cpp, line 212]

Events (10 events):
Event: 199.261 Executing VM operation: ChangeSingleStep
Event: 199.261 Executing VM operation: ChangeSingleStep done
Event: 199.261 Executing VM operation: ChangeSingleStep
Event: 199.261 Executing VM operation: ChangeSingleStep done
Event: 199.261 Executing VM operation: ForceSafepoint
Event: 199.261 Executing VM operation: ForceSafepoint done
Event: 199.286 Executing VM operation: GetOrSetLocal
Event: 199.286 Executing VM operation: GetOrSetLocal done
Event: 199.598 loading class com/intellij/rt/debugger/BatchEvaluatorServer
Event: 199.598 loading class com/intellij/rt/debugger/BatchEvaluatorServer done


Dynamic libraries:
0x00007ff6a0110000 - 0x00007ff6a0157000 	C:\Program Files\Java\jdk1.8.0_351\bin\java.exe
0x00007ff9a2650000 - 0x00007ff9a2864000 	C:\WINDOWS\SYSTEM32\ntdll.dll
0x00007ff9a1b40000 - 0x00007ff9a1c02000 	C:\WINDOWS\System32\KERNEL32.DLL
0x00007ff9a0040000 - 0x00007ff9a03dd000 	C:\WINDOWS\System32\KERNELBASE.dll
0x00007ff9a0550000 - 0x00007ff9a05fe000 	C:\WINDOWS\System32\ADVAPI32.dll
0x00007ff9a2140000 - 0x00007ff9a21e7000 	C:\WINDOWS\System32\msvcrt.dll
0x00007ff9a07b0000 - 0x00007ff9a0854000 	C:\WINDOWS\System32\sechost.dll
0x00007ff9a24f0000 - 0x00007ff9a2605000 	C:\WINDOWS\System32\RPCRT4.dll
0x00007ff9a1510000 - 0x00007ff9a16ba000 	C:\WINDOWS\System32\USER32.dll
0x00007ff99fa80000 - 0x00007ff99faa6000 	C:\WINDOWS\System32\win32u.dll
0x00007ff9a2100000 - 0x00007ff9a2129000 	C:\WINDOWS\System32\GDI32.dll
0x00007ff99fab0000 - 0x00007ff99fbc2000 	C:\WINDOWS\System32\gdi32full.dll
0x00007ff99fe80000 - 0x00007ff99ff1a000 	C:\WINDOWS\System32\msvcp_win.dll
0x00007ff99ff20000 - 0x00007ff9a0031000 	C:\WINDOWS\System32\ucrtbase.dll
0x00007ff991300000 - 0x00007ff99158e000 	C:\WINDOWS\WinSxS\amd64_microsoft.windows.common-controls_6595b64144ccf1df_6.0.22621.608_none_a9444ca7c10bb01d\COMCTL32.dll
0x00007ff9a0860000 - 0x00007ff9a0892000 	C:\WINDOWS\System32\IMM32.DLL
0x00007ff999450000 - 0x00007ff999465000 	C:\Program Files\Java\jdk1.8.0_351\jre\bin\vcruntime140.dll
0x00007ff977890000 - 0x00007ff97792b000 	C:\Program Files\Java\jdk1.8.0_351\jre\bin\msvcp140.dll
0x0000000057a20000 - 0x0000000058281000 	C:\Program Files\Java\jdk1.8.0_351\jre\bin\server\jvm.dll
0x00007ff9a0b60000 - 0x00007ff9a0b68000 	C:\WINDOWS\System32\PSAPI.DLL
0x00007ff9871a0000 - 0x00007ff9871a9000 	C:\WINDOWS\SYSTEM32\WSOCK32.dll
0x00007ff998300000 - 0x00007ff998334000 	C:\WINDOWS\SYSTEM32\WINMM.dll
0x00007ff996860000 - 0x00007ff99686a000 	C:\WINDOWS\SYSTEM32\VERSION.dll
0x00007ff9a1ff0000 - 0x00007ff9a2061000 	C:\WINDOWS\System32\WS2_32.dll
0x00007ff99ea20000 - 0x00007ff99ea38000 	C:\WINDOWS\SYSTEM32\kernel.appcore.dll
0x00007ff999440000 - 0x00007ff999450000 	C:\Program Files\Java\jdk1.8.0_351\jre\bin\verify.dll
0x00007ff994370000 - 0x00007ff99439b000 	C:\Program Files\Java\jdk1.8.0_351\jre\bin\java.dll
0x00007ff96ab50000 - 0x00007ff96ab86000 	C:\Program Files\Java\jdk1.8.0_351\jre\bin\jdwp.dll
0x00007ff995050000 - 0x00007ff995059000 	C:\Program Files\Java\jdk1.8.0_351\jre\bin\npt.dll
0x00007ff98fde0000 - 0x00007ff98fe10000 	C:\Program Files\Java\jdk1.8.0_351\jre\bin\instrument.dll
0x00007ff999420000 - 0x00007ff999438000 	C:\Program Files\Java\jdk1.8.0_351\jre\bin\zip.dll
0x00007ff9a0b70000 - 0x00007ff9a1350000 	C:\WINDOWS\System32\SHELL32.dll
0x00007ff99da70000 - 0x00007ff99e335000 	C:\WINDOWS\SYSTEM32\windows.storage.dll
0x00007ff9a1c60000 - 0x00007ff9a1fea000 	C:\WINDOWS\System32\combase.dll
0x00007ff99d930000 - 0x00007ff99da6e000 	C:\WINDOWS\SYSTEM32\wintypes.dll
0x00007ff9a0450000 - 0x00007ff9a0541000 	C:\WINDOWS\System32\SHCORE.dll
0x00007ff9a22d0000 - 0x00007ff9a232e000 	C:\WINDOWS\System32\shlwapi.dll
0x00007ff99f9b0000 - 0x00007ff99f9d1000 	C:\WINDOWS\SYSTEM32\profapi.dll
0x00007ff991fd0000 - 0x00007ff991fda000 	C:\Program Files\Java\jdk1.8.0_351\jre\bin\dt_socket.dll
0x00007ff99ef00000 - 0x00007ff99ef69000 	C:\WINDOWS\system32\mswsock.dll
0x00007ff99d540000 - 0x00007ff99d76e000 	C:\WINDOWS\SYSTEM32\dbghelp.dll
0x00007ff9a09a0000 - 0x00007ff9a0a77000 	C:\WINDOWS\System32\OLEAUT32.dll
0x00007ff99fe00000 - 0x00007ff99fe7b000 	C:\WINDOWS\System32\bcryptPrimitives.dll

VM Arguments:
jvm_args: -agentlib:jdwp=transport=dt_socket,address=127.0.0.1:61173,suspend=y,server=n -javaagent:C:\Users\etkab\AppData\Local\JetBrains\IdeaIC2022.2\captureAgent\debugger-agent.jar -Dfile.encoding=UTF-8 
java_command: Day15._08_DebugExample3
java_class_path (initial): C:\Program Files\Java\jdk1.8.0_351\jre\lib\charsets.jar;C:\Program Files\Java\jdk1.8.0_351\jre\lib\deploy.jar;C:\Program Files\Java\jdk1.8.0_351\jre\lib\ext\access-bridge-64.jar;C:\Program Files\Java\jdk1.8.0_351\jre\lib\ext\cldrdata.jar;C:\Program Files\Java\jdk1.8.0_351\jre\lib\ext\dnsns.jar;C:\Program Files\Java\jdk1.8.0_351\jre\lib\ext\jaccess.jar;C:\Program Files\Java\jdk1.8.0_351\jre\lib\ext\jfxrt.jar;C:\Program Files\Java\jdk1.8.0_351\jre\lib\ext\localedata.jar;C:\Program Files\Java\jdk1.8.0_351\jre\lib\ext\nashorn.jar;C:\Program Files\Java\jdk1.8.0_351\jre\lib\ext\sunec.jar;C:\Program Files\Java\jdk1.8.0_351\jre\lib\ext\sunjce_provider.jar;C:\Program Files\Java\jdk1.8.0_351\jre\lib\ext\sunmscapi.jar;C:\Program Files\Java\jdk1.8.0_351\jre\lib\ext\sunpkcs11.jar;C:\Program Files\Java\jdk1.8.0_351\jre\lib\ext\zipfs.jar;C:\Program Files\Java\jdk1.8.0_351\jre\lib\javaws.jar;C:\Program Files\Java\jdk1.8.0_351\jre\lib\jce.jar;C:\Program Files\Java\jdk1.8.0_351\jre\lib\jfr.jar;C:\Program Files\Java\jdk1.8.0_351\jre\lib\jfxswt.jar;C:\Program Files\Java\jdk1.8.0_351\jre\lib\jsse.jar;C:\Program Files\Java\jdk1.8.0_351\jre\lib\management-agent.jar;C:\Program Files\Java\jdk1.8.0_351\jre\lib\plugin.jar;C:\Program Files\Java\jdk1.8.0_351\jre\lib\resources.jar;C:\Program Files\Java\jdk1.8.0_351\jre\lib\rt.jar;C:\Users\etkab\Desktop\KURS\JavaKursu5\out\production\JavaKursu5;C:\Program Files\JetBrains\IntelliJ IDEA Community Edition 2022.2.3\lib\idea_rt.jar;C:\Users\etkab\AppData\Local\JetBrains\IdeaIC2022.2\captureAgent\debugger-agent.jar
Launcher Type: SUN_STANDARD

Environment Variables:
PATH=C:\Program Files (x86)\Common Files\Oracle\Java\javapath;C:\Windows\system32;C:\Windows;C:\Windows\System32\Wbem;C:\Windows\System32\WindowsPowerShell\v1.0\;C:\Windows\System32\OpenSSH\;C:\Program Files (x86)\NVIDIA Corporation\PhysX\Common;C:\WINDOWS\system32;C:\WINDOWS;C:\WINDOWS\System32\Wbem;C:\WINDOWS\System32\WindowsPowerShell\v1.0\;C:\WINDOWS\System32\OpenSSH\;C:\Program Files\NVIDIA Corporation\NVIDIA NvDLISR;C:\Users\etkab\AppData\Local\Microsoft\WindowsApps;;C:\Users\etkab\AppData\Local\spicetify
USERNAME=etkab
OS=Windows_NT
PROCESSOR_IDENTIFIER=AMD64 Family 23 Model 96 Stepping 1, AuthenticAMD



---------------  S Y S T E M  ---------------

OS: Windows 11 , 64 bit Build 22621 (10.0.22621.755)

CPU:total 12 (initial active 12) (12 cores per cpu, 1 threads per core) family 23 model 96 stepping 1, cmov, cx8, fxsr, mmx, sse, sse2, sse3, ssse3, sse4.1, sse4.2, popcnt, avx, avx2, aes, clmul, mmxext, 3dnowpref, lzcnt, sse4a, tsc, tscinvbit, tscinv, bmi1

Memory: 4k page, physical 16119108k(4999528k free), swap 22367216k(3363260k free)

vm_info: Java HotSpot(TM) 64-Bit Server VM (25.351-b10) for windows-amd64 JRE (1.8.0_351-b10), built on Sep 15 2022 02:58:06 by "java_re" with MS VC++ 15.9 (VS2017)

time: Tue Nov 29 19:59:18 2022
timezone: Romance Standard Time
elapsed time: 199.766187 seconds (0d 0h 3m 19s)

